0 info it worked if it ends with ok
1 verbose cli [ 'C:\\Program Files\\nodejs\\node.exe',
1 verbose cli   'C:\\Users\\vassil.alexandrov\\AppData\\Roaming\\npm\\node_modules\\npm\\bin\\npm-cli.js',
1 verbose cli   'run',
1 verbose cli   'build' ]
2 info using npm@3.10.9
3 info using node@v7.1.0
4 verbose run-script [ 'prebuild', 'build', 'postbuild' ]
5 info lifecycle es6modules@1.0.0~prebuild: es6modules@1.0.0
6 silly lifecycle es6modules@1.0.0~prebuild: no script for prebuild, continuing
7 info lifecycle es6modules@1.0.0~build: es6modules@1.0.0
8 verbose lifecycle es6modules@1.0.0~build: unsafe-perm in lifecycle true
9 verbose lifecycle es6modules@1.0.0~build: PATH: C:\Users\vassil.alexandrov\AppData\Roaming\npm\node_modules\npm\bin\node-gyp-bin;D:\_GIT\OOJS-ES6\3-3-The-Class\node_modules\.bin;C:\cmder\bin;C:\cmder\vendor\conemu-maximus5\ConEmu\Scripts;C:\cmder\vendor\conemu-maximus5;C:\cmder\vendor\conemu-maximus5\ConEmu;C:\ProgramData\Oracle\Java\javapath;C:\WINDOWS\system32;C:\WINDOWS;C:\WINDOWS\System32\Wbem;C:\WINDOWS\System32\WindowsPowerShell\v1.0\;C:\Program Files (x86)\Calibre2\;C:\Program Files (x86)\QuickTime\QTSystem\;C:\Program Files (x86)\Skype\Phone\;C:\Program Files\Git\cmd;C:\Program Files (x86)\Extensis\Suitcase Fusion 6\;C:\Program Files\nodejs\;C:\Users\vassil.alexandrov\AppData\Local\atom\bin;C:\Users\vassil.alexandrov\AppData\Local\Microsoft\WindowsApps;C:\Users\vassil.alexandrov\AppData\Roaming\npm;C:\Program Files\Git\usr\bin;C:\Program Files\Git\usr\share\vim\vim74;C:\cmder\
10 verbose lifecycle es6modules@1.0.0~build: CWD: D:\_GIT\OOJS-ES6\3-3-The-Class
11 silly lifecycle es6modules@1.0.0~build: Args: [ '/d /s /c', 'webpack --progress --watch' ]
12 silly lifecycle es6modules@1.0.0~build: Returned: code: 1  signal: null
13 info lifecycle es6modules@1.0.0~build: Failed to exec build script
14 verbose stack Error: es6modules@1.0.0 build: `webpack --progress --watch`
14 verbose stack Exit status 1
14 verbose stack     at EventEmitter.<anonymous> (C:\Users\vassil.alexandrov\AppData\Roaming\npm\node_modules\npm\lib\utils\lifecycle.js:255:16)
14 verbose stack     at emitTwo (events.js:106:13)
14 verbose stack     at EventEmitter.emit (events.js:191:7)
14 verbose stack     at ChildProcess.<anonymous> (C:\Users\vassil.alexandrov\AppData\Roaming\npm\node_modules\npm\lib\utils\spawn.js:40:14)
14 verbose stack     at emitTwo (events.js:106:13)
14 verbose stack     at ChildProcess.emit (events.js:191:7)
14 verbose stack     at maybeClose (internal/child_process.js:885:16)
14 verbose stack     at Process.ChildProcess._handle.onexit (internal/child_process.js:226:5)
15 verbose pkgid es6modules@1.0.0
16 verbose cwd D:\_GIT\OOJS-ES6\3-3-The-Class
17 error Windows_NT 10.0.14393
18 error argv "C:\\Program Files\\nodejs\\node.exe" "C:\\Users\\vassil.alexandrov\\AppData\\Roaming\\npm\\node_modules\\npm\\bin\\npm-cli.js" "run" "build"
19 error node v7.1.0
20 error npm  v3.10.9
21 error code ELIFECYCLE
22 error es6modules@1.0.0 build: `webpack --progress --watch`
22 error Exit status 1
23 error Failed at the es6modules@1.0.0 build script 'webpack --progress --watch'.
23 error Make sure you have the latest version of node.js and npm installed.
23 error If you do, this is most likely a problem with the es6modules package,
23 error not with npm itself.
23 error Tell the author that this fails on your system:
23 error     webpack --progress --watch
23 error You can get information on how to open an issue for this project with:
23 error     npm bugs es6modules
23 error Or if that isn't available, you can get their info via:
23 error     npm owner ls es6modules
23 error There is likely additional logging output above.
24 verbose exit [ 1, true ]
